[ravistheme.com/yoona/html/index.html]
[backblue.gif]
[fade.gif]
[index.html]
[ravistheme.com/yoona/html/forms/login.html]
[ravistheme.com/yoona/html/assets/css/styles.css]
[ravistheme.com/yoona/html/forms/register.html]
[ravistheme.com/yoona/html/pages/about.html]
[ravistheme.com/yoona/html/pages/rooms-simple.html]
[ravistheme.com/yoona/html/pages/rooms.html]
[ravistheme.com/yoona/html/pages/room-detail.html]
[ravistheme.com/yoona/html/pages/gallery.html]
[ravistheme.com/yoona/html/pages/booking.html]
[ravistheme.com/yoona/html/pages/events.html]
[ravistheme.com/yoona/html/pages/staff.html]
[ravistheme.com/yoona/html/pages/price-table.html]
[ravistheme.com/yoona/html/pages/404.html]
[ravistheme.com/yoona/html/pages/posts.html]
[ravistheme.com/yoona/html/pages/single-post.html]
[ravistheme.com/yoona/html/pages/typography.html]
[ravistheme.com/yoona/html/pages/columns.html]
[ravistheme.com/yoona/html/pages/elements.html]
[ravistheme.com/yoona/html/pages/timeline.html]
[ravistheme.com/yoona/html/pages/staff-boxes.html]
[ravistheme.com/yoona/html/pages/alerts.html]
[ravistheme.com/yoona/html/pages/contact.html]
[ravistheme.com/yoona/html/assets/img/slider/4.jpg]
[ravistheme.com/yoona/html/assets/img/slider/2.jpg]
[ravistheme.com/yoona/html/assets/img/slider/1.jpg]
[ravistheme.com/yoona/html/assets/img/slider/3.jpg]
[ravistheme.com/yoona/html/assets/img/services/1.jpg]
[ravistheme.com/yoona/html/assets/img/services/2.jpg]
[ravistheme.com/yoona/html/assets/img/services/4.jpg]
[ravistheme.com/yoona/html/assets/img/services/6.jpg]
[ravistheme.com/yoona/html/assets/img/rooms/thumb/15.jpg]
[ravistheme.com/yoona/html/assets/img/rooms/thumb/21.jpg]
[ravistheme.com/yoona/html/assets/img/clients/1.jpg]
[ravistheme.com/yoona/html/assets/img/clients/2.jpg]
[ravistheme.com/yoona/html/assets/img/clients/3.jpg]
[ravistheme.com/yoona/html/assets/img/clients/4.jpg]
[ravistheme.com/yoona/html/assets/img/clients/5.jpg]
[ravistheme.com/yoona/html/assets/img/clients/6.jpg]
[ravistheme.com/yoona/html/assets/img/clients/7.jpg]
[ravistheme.com/yoona/html/assets/img/clients/8.jpg]
[ravistheme.com/yoona/html/assets/img/clients/9.jpg]
[ravistheme.com/yoona/html/assets/img/clients/10.jpg]
[ravistheme.com/yoona/html/assets/img/events/2.jpg]
[ravistheme.com/yoona/html/assets/img/events/4.jpg]
[ravistheme.com/yoona/html/assets/img/events/3.jpg]
[ravistheme.com/yoona/html/assets/img/events/1.jpg]
[ravistheme.com/yoona/html/forms/booking.html]
[ravistheme.com/yoona/html/assets/img/blog/1.jpg]
[ravistheme.com/yoona/html/assets/img/blog/2.jpg]
[ravistheme.com/yoona/html/assets/img/blog/3.jpg]
[ravistheme.com/yoona/html/assets/js/jquery-1.11.1.min.js]
[ravistheme.com/yoona/html/assets/js/jquery.modernizr.min.js]
[ravistheme.com/yoona/html/assets/js/bootstrap/tab.js]
[ravistheme.com/yoona/html/assets/js/jquery.bxslider.min.js]
[ravistheme.com/yoona/html/assets/js/owl.carousel.min.js]
[ravistheme.com/yoona/html/assets/js/jquery.magnific-popup.min.js]
[ravistheme.com/yoona/html/assets/js/init.js]
[ravistheme.com/yoona/html/index.html]
[ravistheme.com/yoona/html/assets/js/template.js]
[ravistheme.com/yoona/html/assets/css/fonts/bootstrap/glyphicons-halflings-regular.eot]
[ravistheme.com/yoona/html/assets/css/fonts/bootstrap/glyphicons-halflings-regular.woff]
[ravistheme.com/yoona/html/assets/js/helper.js]
[ravistheme.com/yoona/html/assets/css/fonts/bootstrap/glyphicons-halflings-regulard41d.eot]
[ravistheme.com/yoona/html/assets/css/fonts/bootstrap/glyphicons-halflings-regular.ttf]
[ravistheme.com/yoona/html/assets/css/fonts/bootstrap/glyphicons-halflings-regular.svg]
[ravistheme.com/yoona/html/assets/css/fonts/fontawesome/fontawesome-webfont862f.eot]
[ravistheme.com/yoona/html/assets/css/fonts/fontawesome/fontawesome-webfontd41d.eot]
[ravistheme.com/yoona/html/assets/css/fonts/fontawesome/fontawesome-webfont862f.woff]
[ravistheme.com/yoona/html/assets/css/fonts/fontawesome/fontawesome-webfont862f.ttf]
[ravistheme.com/yoona/html/assets/css/fonts/fontawesome/fontawesome-webfont862f.svg]
[ravistheme.com/yoona/html/assets/css/fonts/et-line/et-line.eot]
[ravistheme.com/yoona/html/assets/css/fonts/et-line/et-line.ttf]
[ravistheme.com/yoona/html/assets/css/fonts/et-line/et-lined41d.eot]
[ravistheme.com/yoona/html/assets/css/fonts/et-line/et-line.svg]
[ravistheme.com/yoona/html/assets/img/pattern/1.png]
[ravistheme.com/yoona/html/assets/img/pattern/2.png]
[ravistheme.com/yoona/html/assets/img/pattern/3.png]
[ravistheme.com/yoona/html/assets/img/pattern/4.png]
[ravistheme.com/yoona/html/assets/img/chosen-sprite1d44.png]
[ravistheme.com/yoona/html/assets/img/chosen-sprite@2x1d44.png]
[ravistheme.com/yoona/html/assets/img/testimonials_bg.jpg]
[ravistheme.com/yoona/html/assets/img/in_bg.jpg]
[ravistheme.com/yoona/html/assets/img/pattern/5.png]
[ravistheme.com/yoona/html/assets/img/pattern/6.png]
[ravistheme.com/yoona/html/assets/css/styles.css]
[ravistheme.com/yoona/html/forms/login.html]
[ravistheme.com/yoona/html/forms/register.html]
[ravistheme.com/yoona/html/index-2.html]
[ravistheme.com/yoona/html/pages/about.html]
[ravistheme.com/yoona/html/assets/img/rooms/thumb/20.jpg]
[ravistheme.com/yoona/html/assets/img/rooms/thumb/12.jpg]
[ravistheme.com/yoona/html/pages/rooms-simple.html]
[ravistheme.com/yoona/html/pages/rooms.html]
[ravistheme.com/yoona/html/assets/img/rooms/20.jpg]
[ravistheme.com/yoona/html/assets/img/rooms/3.jpg]
[ravistheme.com/yoona/html/assets/img/rooms/4.jpg]
[ravistheme.com/yoona/html/assets/img/rooms/5.jpg]
[ravistheme.com/yoona/html/assets/img/rooms/6.jpg]
[ravistheme.com/yoona/html/assets/img/rooms/7.jpg]
[ravistheme.com/yoona/html/assets/img/rooms/8.jpg]
[ravistheme.com/yoona/html/pages/room-detail.html]
[ravistheme.com/yoona/html/assets/img/gallery/1.jpg]
[ravistheme.com/yoona/html/assets/img/gallery/2.jpg]
[ravistheme.com/yoona/html/assets/img/gallery/3.jpg]
[ravistheme.com/yoona/html/assets/img/gallery/4.jpg]
[ravistheme.com/yoona/html/assets/img/gallery/5.jpg]
[ravistheme.com/yoona/html/assets/img/gallery/6.jpg]
[ravistheme.com/yoona/html/assets/img/gallery/7.jpg]
[ravistheme.com/yoona/html/assets/img/gallery/8.jpg]
[ravistheme.com/yoona/html/assets/img/gallery/9.jpg]
[ravistheme.com/yoona/html/assets/img/gallery/10.jpg]
[ravistheme.com/yoona/html/assets/img/gallery/11.jpg]
[ravistheme.com/yoona/html/assets/img/gallery/12.jpg]
[ravistheme.com/yoona/html/assets/img/gallery/13.jpg]
[ravistheme.com/yoona/html/assets/img/gallery/14.jpg]
[ravistheme.com/yoona/html/assets/img/gallery/15.jpg]
[ravistheme.com/yoona/html/assets/img/gallery/16.jpg]
[ravistheme.com/yoona/html/assets/js/jquery.hovedir.min.js]
[ravistheme.com/yoona/html/pages/gallery.html]
[ravistheme.com/yoona/html/pages/booking.html]
[ravistheme.com/yoona/html/pages/events.html]
[ravistheme.com/yoona/html/assets/img/staff/15.png]
[ravistheme.com/yoona/html/assets/img/staff/5.png]
[ravistheme.com/yoona/html/assets/img/staff/3.png]
[ravistheme.com/yoona/html/assets/img/staff/4.png]
[ravistheme.com/yoona/html/pages/staff.html]
[ravistheme.com/yoona/html/pages/price-table.html]
[ravistheme.com/yoona/html/pages/404.html]
[ravistheme.com/yoona/html/assets/img/blog/4.jpg]
[ravistheme.com/yoona/html/pages/posts.html]
[ravistheme.com/yoona/html/pages/single-post.html]
[ravistheme.com/yoona/html/pages/typography.html]
[ravistheme.com/yoona/html/pages/columns.html]
[ravistheme.com/yoona/html/pages/elements.html]
[ravistheme.com/yoona/html/pages/timeline.html]
[ravistheme.com/yoona/html/pages/staff-boxes.html]
[ravistheme.com/yoona/html/pages/alerts.html]
[ravistheme.com/yoona/html/assets/img/marker.png]
[ravistheme.com/yoona/html/pages/contact.html]
[ravistheme.com/yoona/html/assets/img/services/3.jpg]
[ravistheme.com/yoona/html/assets/img/services/5.jpg]
[ravistheme.com/yoona/html/forms/booking.html]
[ravistheme.com/yoona/html/assets/css/fonts/bootstrap/glyphicons-halflings-regular.svg]
[ravistheme.com/yoona/html/assets/css/fonts/fontawesome/fontawesome-webfont862f.svg]
[ravistheme.com/yoona/html/assets/css/fonts/et-line/et-line.svg]
[ravistheme.com/yoona/html/assets/css/AjaxLoader.html]
[ravistheme.com/yoona/html/assets/img/desaturate.svg]
[ravistheme.com/yoona/html/index-2.html]
[ravistheme.com/yoona/html/assets/css/fonts/et-line/et-line.woff]
[ravistheme.com/yoona/html/assets/img/rooms/thumb/14.jpg]
[ravistheme.com/yoona/html/pages/rooms-2.html]
[ravistheme.com/yoona/html/assets/img/rooms/thumb/16.jpg]
[ravistheme.com/yoona/html/assets/img/staff/2.png]
[ravistheme.com/yoona/html/assets/img/rooms/2.jpg]
